2022/08/17 08:10:55 [1;31m[E] [service.go:98] can't remove non-existent inotify watch for: /root/test[0m
2022/08/17 08:10:55 [1;31m[E] [service.go:98] can't remove non-existent inotify watch for: /etc/nginx/conf.d/test.html[0m
2022/08/17 08:10:55 [1;31m[E] [service.go:98] can't remove non-existent inotify watch for: /etc/nginx/conf.d/index.html[0m
2022/08/17 08:11:27 [1;31m[E] [service.go:98] can't remove non-existent inotify watch for: /root/test[0m
2022/08/17 08:11:27 [1;31m[E] [service.go:98] can't remove non-existent inotify watch for: /etc/nginx/conf.d/test.html[0m
2022/08/17 08:11:27 [1;31m[E] [service.go:98] can't remove non-existent inotify watch for: /etc/nginx/conf.d/index.html[0m
2022/08/17 08:11:57 [1;31m[E] [service.go:98] can't remove non-existent inotify watch for: /root/test[0m
2022/08/17 08:11:57 [1;31m[E] [service.go:98] can't remove non-existent inotify watch for: /etc/nginx/conf.d/test.html[0m
2022/08/17 08:11:57 [1;31m[E] [service.go:98] can't remove non-existent inotify watch for: /etc/nginx/conf.d/index.html[0m
2022/08/17 08:12:23 [1;31m[E] [service.go:98] can't remove non-existent inotify watch for: /root/test[0m
2022/08/17 08:12:23 [1;31m[E] [service.go:98] can't remove non-existent inotify watch for: /etc/nginx/conf.d/test.html[0m
2022/08/17 08:12:23 [1;31m[E] [service.go:98] can't remove non-existent inotify watch for: /etc/nginx/conf.d/index.html[0m
2022/08/17 08:12:45 [1;31m[E] [service.go:98] can't remove non-existent inotify watch for: /root/test[0m
2022/08/17 08:12:45 [1;31m[E] [service.go:98] can't remove non-existent inotify watch for: /etc/nginx/conf.d/test.html[0m
2022/08/17 08:12:45 [1;31m[E] [service.go:98] can't remove non-existent inotify watch for: /etc/nginx/conf.d/index.html[0m
2022/08/17 08:12:57 [1;31m[E] [service.go:98] can't remove non-existent inotify watch for: /root/test[0m
2022/08/17 08:12:57 [1;31m[E] [service.go:98] can't remove non-existent inotify watch for: /etc/nginx/conf.d/test.html[0m
2022/08/17 08:12:57 [1;31m[E] [service.go:98] can't remove non-existent inotify watch for: /etc/nginx/conf.d/index.html[0m
2022/08/17 08:13:09 [1;31m[E] [service.go:98] can't remove non-existent inotify watch for: /root/test[0m
2022/08/17 08:13:09 [1;31m[E] [service.go:98] can't remove non-existent inotify watch for: /etc/nginx/conf.d/test.html[0m
2022/08/17 08:13:09 [1;31m[E] [service.go:98] can't remove non-existent inotify watch for: /etc/nginx/conf.d/index.html[0m
2022/08/17 08:14:31 [1;33m[W] [handler.go:31] /etc/nginx/nginx.conf created [0m
2022/08/17 08:14:31 [1;33m[W] [handler.go:47] /etc/nginx/nginx.conf create [0m
2022/08/17 08:14:31 [1;33m[W] [handler.go:57] /etc/nginx/nginx.conf changed [0m
2022/08/17 08:14:31 [1;33m[W] [handler.go:67] /etc/nginx/nginx.conf chmod [0m
2022/08/17 08:14:31 [1;33m[W] [handler.go:67] /etc/nginx/nginx.conf chmod [0m
2022/08/17 08:14:31 [1;33m[W] [handler.go:77] /etc/nginx/nginx.conf removed [0m
2022/08/17 08:15:10 [1;34m[I] [service.go:209] send mail success[0m
2022/08/17 08:17:38 [1;31m[E] [service.go:98] can't remove non-existent inotify watch for: /root/test[0m
2022/08/17 08:17:38 [1;31m[E] [service.go:98] can't remove non-existent inotify watch for: /etc/nginx/conf.d/test.html[0m
2022/08/17 08:17:38 [1;31m[E] [service.go:98] can't remove non-existent inotify watch for: /etc/nginx/conf.d/index.html[0m
2022/08/17 08:17:45 [1;33m[W] [service.go:166] Aug 17 08:17:45 root sshd[24206]: Accepted password for root from 192.168.100.236 port 62674 ssh2[0m
2022/08/17 08:17:51 [1;34m[I] [service.go:209] send mail success[0m
2022/08/17 08:21:43 [1;31m[E] [service.go:98] can't remove non-existent inotify watch for: /root/test[0m
2022/08/17 08:21:43 [1;31m[E] [service.go:98] can't remove non-existent inotify watch for: /etc/nginx/conf.d/test.html[0m
2022/08/17 08:21:43 [1;31m[E] [service.go:98] can't remove non-existent inotify watch for: /etc/nginx/conf.d/index.html[0m
2022/08/17 08:22:05 [1;33m[W] [handler.go:67] /etc/nginx/nginx.conf chmod [0m
2022/08/17 08:22:05 [1;33m[W] [handler.go:77] /etc/nginx/nginx.conf removed [0m
2022/08/17 08:22:44 [1;34m[I] [service.go:209] send mail success[0m
2022/08/17 08:25:54 [1;31m[E] [service.go:102] can't remove non-existent inotify watch for: /root/test[0m
2022/08/17 08:25:54 [1;31m[E] [service.go:102] can't remove non-existent inotify watch for: /etc/nginx/conf.d/test.html[0m
2022/08/17 08:25:54 [1;31m[E] [service.go:102] can't remove non-existent inotify watch for: /etc/nginx/conf.d/index.html[0m
2022/08/17 08:27:55 [1;34m[I] [service.go:109] start[0m
2022/08/17 08:27:55 [1;34m[I] [service.go:112] /root/test[0m
2022/08/17 08:27:55 [1;31m[E] [service.go:102] can't remove non-existent inotify watch for: /root/test[0m
2022/08/17 08:27:55 [1;34m[I] [service.go:109] start[0m
2022/08/17 08:27:55 [1;34m[I] [service.go:112] /etc/nginx/conf.d/test.html[0m
2022/08/17 08:27:55 [1;31m[E] [service.go:102] can't remove non-existent inotify watch for: /etc/nginx/conf.d/test.html[0m
2022/08/17 08:27:55 [1;34m[I] [service.go:109] start[0m
2022/08/17 08:27:55 [1;34m[I] [service.go:112] /etc/nginx/conf.d/index.html[0m
2022/08/17 08:27:55 [1;31m[E] [service.go:102] can't remove non-existent inotify watch for: /etc/nginx/conf.d/index.html[0m
2022/08/17 08:28:23 [1;33m[W] [service.go:207] Aug 17 08:28:23 root sshd[36919]: Accepted password for root from 192.168.100.236 port 62934 ssh2[0m
2022/08/17 08:28:24 [1;34m[I] [service.go:156] send mail success[0m
2022/08/17 08:29:13 [1;34m[I] [service.go:109] start[0m
2022/08/17 08:29:13 [1;34m[I] [service.go:112] /root/test[0m
2022/08/17 08:29:13 [1;31m[E] [service.go:102] can't remove non-existent inotify watch for: /root/test[0m
2022/08/17 08:29:13 [1;34m[I] [service.go:109] start[0m
2022/08/17 08:29:13 [1;34m[I] [service.go:112] /etc/nginx/conf.d/test.html[0m
2022/08/17 08:29:13 [1;34m[I] [service.go:109] start[0m
2022/08/17 08:29:13 [1;34m[I] [service.go:112] /etc/nginx/conf.d/index.html[0m
2022/08/17 08:29:13 [1;31m[E] [service.go:102] can't remove non-existent inotify watch for: /etc/nginx/conf.d/index.html[0m
2022/08/17 08:30:28 [1;34m[I] [service.go:109] start[0m
2022/08/17 08:30:28 [1;34m[I] [service.go:112] /root/test/[0m
2022/08/17 08:30:28 [1;31m[E] [service.go:102] can't remove non-existent inotify watch for: /root/test[0m
2022/08/17 08:30:28 [1;34m[I] [service.go:109] start[0m
2022/08/17 08:30:28 [1;34m[I] [service.go:112] /etc/nginx/conf.d[0m
2022/08/17 08:30:28 [1;34m[I] [service.go:112] /etc/nginx/conf.d/test.conf[0m
2022/08/17 08:30:28 [1;34m[I] [service.go:112] /etc/nginx/conf.d/test.html[0m
2022/08/17 08:30:28 [1;34m[I] [service.go:109] start[0m
2022/08/17 08:30:28 [1;34m[I] [service.go:112] /etc/nginx/conf.d/test.html[0m
2022/08/17 08:30:28 [1;31m[E] [service.go:102] can't remove non-existent inotify watch for: /etc/nginx/conf.d/test.html[0m
2022/08/17 08:30:28 [1;34m[I] [service.go:109] start[0m
2022/08/17 08:30:28 [1;34m[I] [service.go:112] /etc/nginx/conf.d/index.html[0m
2022/08/17 08:30:28 [1;31m[E] [service.go:102] can't remove non-existent inotify watch for: /etc/nginx/conf.d/index.html[0m
2022/08/17 08:31:29 [1;34m[I] [service.go:109] start[0m
2022/08/17 08:31:29 [1;34m[I] [service.go:112] /root/test/[0m
2022/08/17 08:31:29 [1;31m[E] [service.go:102] can't remove non-existent inotify watch for: /root/test[0m
2022/08/17 08:31:29 [1;34m[I] [service.go:109] start[0m
2022/08/17 08:31:29 [1;34m[I] [service.go:112] /etc/nginx/conf.d[0m
2022/08/17 08:31:29 [1;34m[I] [service.go:112] /etc/nginx/conf.d/test.conf[0m
2022/08/17 08:31:29 [1;34m[I] [service.go:112] /etc/nginx/conf.d/test.html[0m
2022/08/17 08:46:09 [1;33m[W] [handler.go:31] /etc/nginx/nginx.conf created [0m
2022/08/17 08:46:09 [1;33m[W] [handler.go:47] /etc/nginx/nginx.conf create [0m
2022/08/17 08:46:09 [1;33m[W] [handler.go:57] /etc/nginx/nginx.conf changed [0m
2022/08/17 08:46:09 [1;33m[W] [handler.go:57] /etc/nginx/nginx.conf changed [0m
2022/08/17 08:46:09 [1;33m[W] [handler.go:67] /etc/nginx/nginx.conf chmod [0m
2022/08/17 08:46:09 [1;33m[W] [handler.go:67] /etc/nginx/nginx.conf chmod [0m
2022/08/17 08:46:09 [1;33m[W] [handler.go:77] /etc/nginx/nginx.conf removed [0m
2022/08/17 08:47:06 [1;34m[I] [service.go:154] send mail success[0m
2022/08/17 08:47:56 [1;33m[W] [handler.go:31] /etc/nginx/nginx.conf created [0m
2022/08/17 08:47:56 [1;33m[W] [handler.go:47] /etc/nginx/nginx.conf create [0m
2022/08/17 08:47:56 [1;33m[W] [handler.go:57] /etc/nginx/nginx.conf changed [0m
2022/08/17 08:47:56 [1;33m[W] [handler.go:67] /etc/nginx/nginx.conf chmod [0m
2022/08/17 08:48:05 [1;34m[I] [service.go:154] send mail success[0m
2022/08/17 08:49:31 [1;33m[W] [handler.go:31] /etc/nginx/nginx.conf created [0m
2022/08/17 08:49:31 [1;33m[W] [handler.go:47] /etc/nginx/nginx.conf create [0m
2022/08/17 08:49:31 [1;33m[W] [handler.go:57] /etc/nginx/nginx.conf changed [0m
2022/08/17 08:49:31 [1;33m[W] [handler.go:67] /etc/nginx/nginx.conf chmod [0m
2022/08/17 08:50:04 [1;34m[I] [service.go:154] send mail success[0m
